<?xml version="1.0" encoding="UTF-8"?>
<testsuite name="kaalka.KaalkaFileTest" tests="1" skipped="0" failures="0" errors="0" timestamp="2025-09-06T07:50:34" hostname="OLYMPUS" time="0.033">
  <properties/>
  <testcase name="testFileChunkEncryptDecrypt()" classname="kaalka.KaalkaFileTest" time="0.033"/>
  <system-out><![CDATA[]]></system-out>
  <system-err><![CDATA[]]></system-err>
</testsuite>
